# JRE version: Java(TM) SE Runtime Environment (10.0.2+13) (build 10.0.2+13)
# Java VM: Java HotSpot(TM) 64-Bit Server VM (10.0.2+13, mixed mode, tiered, compressed oops, g1 gc, windows-amd64)
Heap:
 garbage-first heap   total 262144K, used 38006K [0x00000006c1c00000, 0x00000007c0000000)
  region size 1024K, 30 young (30720K), 1 survivors (1024K)
 Metaspace       used 25884K, capacity 26485K, committed 26624K, reserved 1083392K
  class space    used 3047K, capacity 3328K, committed 3328K, reserved 1048576K
GC Heap History (9 events):
Event: 0.645 GC heap before
{Heap before GC invocations=0 (full 0):
 garbage-first heap   total 262144K, used 14336K [0x00000006c1c00000, 0x00000007c0000000)
  region size 1024K, 14 young (14336K), 0 survivors (0K)
 Metaspace       used 12231K, capacity 12519K, committed 12672K, reserved 1060864K
  class space    used 1251K, capacity 1359K, committed 1408K, reserved 1048576K
}
Event: 0.649 GC heap after
{Heap after GC invocations=1 (full 0):
 garbage-first heap   total 262144K, used 5489K [0x00000006c1c00000, 0x00000007c0000000)
  region size 1024K, 2 young (2048K), 2 survivors (2048K)
 Metaspace       used 12231K, capacity 12519K, committed 12672K, reserved 1060864K
  class space    used 1251K, capacity 1359K, committed 1408K, reserved 1048576K
}
Event: 0.794 GC heap before
{Heap before GC invocations=1 (full 0):
 garbage-first heap   total 262144K, used 15729K [0x00000006c1c00000, 0x00000007c0000000)
  region size 1024K, 12 young (12288K), 2 survivors (2048K)
 Metaspace       used 14592K, capacity 14974K, committed 15360K, reserved 1062912K
  class space    used 1512K, capacity 1669K, committed 1792K, reserved 1048576K
}
Event: 0.802 GC heap after
{Heap after GC invocations=2 (full 0):
 garbage-first heap   total 262144K, used 6513K [0x00000006c1c00000, 0x00000007c0000000)
  region size 1024K, 2 young (2048K), 2 survivors (2048K)
 Metaspace       used 14592K, capacity 14974K, committed 15360K, reserved 1062912K
  class space    used 1512K, capacity 1669K, committed 1792K, reserved 1048576K
}
Event: 1.051 GC heap before
{Heap before GC invocations=2 (full 0):
 garbage-first heap   total 262144K, used 35185K [0x00000006c1c00000, 0x00000007c0000000)
  region size 1024K, 30 young (30720K), 2 survivors (2048K)
 Metaspace       used 19289K, capacity 19770K, committed 20096K, reserved 1067008K
  class space    used 2213K, capacity 2430K, committed 2432K, reserved 1048576K
}
Event: 1.054 GC heap after
{Heap after GC invocations=3 (full 0):
 garbage-first heap   total 262144K, used 7856K [0x00000006c1c00000, 0x00000007c0000000)
  region size 1024K, 3 young (3072K), 3 survivors (3072K)
 Metaspace       used 19289K, capacity 19770K, committed 20096K, reserved 1067008K
  class space    used 2213K, capacity 2430K, committed 2432K, reserved 1048576K
}
Event: 1.103 GC heap before
{Heap before GC invocations=3 (full 0):
 garbage-first heap   total 262144K, used 18096K [0x00000006c1c00000, 0x00000007c0000000)
  region size 1024K, 14 young (14336K), 3 survivors (3072K)
 Metaspace       used 20576K, capacity 21056K, committed 21296K, reserved 1069056K
  class space    used 2395K, capacity 2624K, committed 2688K, reserved 1048576K
}
Event: 1.106 GC heap after
{Heap after GC invocations=4 (full 0):
 garbage-first heap   total 262144K, used 8398K [0x00000006c1c00000, 0x00000007c0000000)
  region size 1024K, 3 young (3072K), 3 survivors (3072K)
 Metaspace       used 20576K, capacity 21056K, committed 21296K, reserved 1069056K
  class space    used 2395K, capacity 2624K, committed 2688K, reserved 1048576K
}
Event: 1.356 GC heap before
{Heap before GC invocations=5 (full 0):
 garbage-first heap   total 262144K, used 37070K [0x00000006c1c00000, 0x00000007c0000000)
  region size 1024K, 32 young (32768K), 3 survivors (3072K)
 Metaspace       used 25884K, capacity 26485K, committed 26624K, reserved 1083392K
  class space    used 3047K, capacity 3328K, committed 3328K, reserved 1048576K
}

