# JRE version: Java(TM) SE Runtime Environment (10.0.2+13) (build 10.0.2+13)
# Java VM: Java HotSpot(TM) 64-Bit Server VM (10.0.2+13, mixed mode, tiered, compressed oops, g1 gc, windows-amd64)
Heap:
 garbage-first heap   total 315392K, used 24412K [0x00000006c1c00000, 0x00000007c0000000)
  region size 1024K, 5 young (5120K), 5 survivors (5120K)
 Metaspace       used 44036K, capacity 45065K, committed 45392K, reserved 1099776K
  class space    used 5437K, capacity 5889K, committed 6016K, reserved 1048576K
GC Heap History (10 events):
Event: 1.092 GC heap before
{Heap before GC invocations=2 (full 0):
 garbage-first heap   total 262144K, used 29990K [0x00000006c1c00000, 0x00000007c0000000)
  region size 1024K, 25 young (25600K), 2 survivors (2048K)
 Metaspace       used 19295K, capacity 19856K, committed 20096K, reserved 1067008K
  class space    used 2175K, capacity 2405K, committed 2432K, reserved 1048576K
}
Event: 1.095 GC heap after
{Heap after GC invocations=3 (full 0):
 garbage-first heap   total 262144K, used 7626K [0x00000006c1c00000, 0x00000007c0000000)
  region size 1024K, 3 young (3072K), 3 survivors (3072K)
 Metaspace       used 19295K, capacity 19856K, committed 20096K, reserved 1067008K
  class space    used 2175K, capacity 2405K, committed 2432K, reserved 1048576K
}
Event: 1.168 GC heap before
{Heap before GC invocations=3 (full 0):
 garbage-first heap   total 262144K, used 18890K [0x00000006c1c00000, 0x00000007c0000000)
  region size 1024K, 15 young (15360K), 3 survivors (3072K)
 Metaspace       used 20607K, capacity 21163K, committed 21296K, reserved 1069056K
  class space    used 2414K, capacity 2671K, committed 2688K, reserved 1048576K
}
Event: 1.170 GC heap after
{Heap after GC invocations=4 (full 0):
 garbage-first heap   total 262144K, used 8147K [0x00000006c1c00000, 0x00000007c0000000)
  region size 1024K, 3 young (3072K), 3 survivors (3072K)
 Metaspace       used 20607K, capacity 21163K, committed 21296K, reserved 1069056K
  class space    used 2414K, capacity 2671K, committed 2688K, reserved 1048576K
}
Event: 1.927 GC heap before
{Heap before GC invocations=5 (full 0):
 garbage-first heap   total 262144K, used 91091K [0x00000006c1c00000, 0x00000007c0000000)
  region size 1024K, 84 young (86016K), 3 survivors (3072K)
 Metaspace       used 27598K, capacity 28363K, committed 28544K, reserved 1075200K
  class space    used 3269K, capacity 3599K, committed 3712K, reserved 1048576K
}
Event: 1.936 GC heap after
{Heap after GC invocations=6 (full 0):
 garbage-first heap   total 315392K, used 11196K [0x00000006c1c00000, 0x00000007c0000000)
  region size 1024K, 6 young (6144K), 6 survivors (6144K)
 Metaspace       used 27598K, capacity 28363K, committed 28544K, reserved 1075200K
  class space    used 3269K, capacity 3599K, committed 3712K, reserved 1048576K
}
Event: 2.826 GC heap before
{Heap before GC invocations=6 (full 0):
 garbage-first heap   total 315392K, used 106428K [0x00000006c1c00000, 0x00000007c0000000)
  region size 1024K, 100 young (102400K), 6 survivors (6144K)
 Metaspace       used 34860K, capacity 35779K, committed 35920K, reserved 1081344K
  class space    used 4259K, capacity 4669K, committed 4736K, reserved 1048576K
}
Event: 2.837 GC heap after
{Heap after GC invocations=7 (full 0):
 garbage-first heap   total 315392K, used 19780K [0x00000006c1c00000, 0x00000007c0000000)
  region size 1024K, 14 young (14336K), 14 survivors (14336K)
 Metaspace       used 34860K, capacity 35779K, committed 35920K, reserved 1081344K
  class space    used 4259K, capacity 4669K, committed 4736K, reserved 1048576K
}
Event: 3.531 GC heap before
{Heap before GC invocations=8 (full 0):
 garbage-first heap   total 315392K, used 115012K [0x00000006c1c00000, 0x00000007c0000000)
  region size 1024K, 108 young (110592K), 14 survivors (14336K)
 Metaspace       used 44036K, capacity 45065K, committed 45392K, reserved 1097728K
  class space    used 5437K, capacity 5889K, committed 6016K, reserved 1048576K
}
Event: 3.545 GC heap after
{Heap after GC invocations=9 (full 0):
 garbage-first heap   total 315392K, used 24412K [0x00000006c1c00000, 0x00000007c0000000)
  region size 1024K, 5 young (5120K), 5 survivors (5120K)
 Metaspace       used 44036K, capacity 45065K, committed 45392K, reserved 1097728K
  class space    used 5437K, capacity 5889K, committed 6016K, reserved 1048576K
}

